Started
[Fri Sep 20 04:30:52 GMT 2019] Starting branch indexing...
 > git --version # timeout=10
ERROR: [Fri Sep 20 04:30:52 GMT 2019] Could not update folder level actions from source 98341a9b-db9c-4756-ba27-b51dd1871aa5
java.net.URISyntaxException: Cannot parse Git URI-ish: The uri was empty or null
	at org.eclipse.jgit.transport.URIish.<init>(URIish.java:211)
	at org.jenkinsci.plugins.gitclient.CliGitAPIImpl.launchCommandWithCredentials(CliGitAPIImpl.java:1760)
Caused: hudson.plugins.git.GitException: Invalid URL 
	at org.jenkinsci.plugins.gitclient.CliGitAPIImpl.launchCommandWithCredentials(CliGitAPIImpl.java:1762)
	at org.jenkinsci.plugins.gitclient.CliGitAPIImpl.getRemoteSymbolicReferences(CliGitAPIImpl.java:3053)
	at jenkins.plugins.git.AbstractGitSCMSource.retrieveActions(AbstractGitSCMSource.java:1119)
	at jenkins.scm.api.SCMSource.fetchActions(SCMSource.java:848)
	at jenkins.branch.MultiBranchProject.computeChildren(MultiBranchProject.java:592)
	at com.cloudbees.hudson.plugins.folder.computed.ComputedFolder.updateChildren(ComputedFolder.java:277)
	at com.cloudbees.hudson.plugins.folder.computed.FolderComputation.run(FolderComputation.java:164)
	at jenkins.branch.MultiBranchProject$BranchIndexing.run(MultiBranchProject.java:1026)
	at hudson.model.ResourceController.execute(ResourceController.java:97)
	at hudson.model.Executor.run(Executor.java:429)
[Fri Sep 20 04:30:52 GMT 2019] Finished branch indexing. Indexing took 0.11 sec
FATAL: Failed to recompute children of microblog
hudson.plugins.git.GitException: Invalid URL 
	at org.jenkinsci.plugins.gitclient.CliGitAPIImpl.launchCommandWithCredentials(CliGitAPIImpl.java:1762)
	at org.jenkinsci.plugins.gitclient.CliGitAPIImpl.getRemoteSymbolicReferences(CliGitAPIImpl.java:3053)
	at jenkins.plugins.git.AbstractGitSCMSource.retrieveActions(AbstractGitSCMSource.java:1119)
	at jenkins.scm.api.SCMSource.fetchActions(SCMSource.java:848)
	at jenkins.branch.MultiBranchProject.computeChildren(MultiBranchProject.java:592)
	at com.cloudbees.hudson.plugins.folder.computed.ComputedFolder.updateChildren(ComputedFolder.java:277)
	at com.cloudbees.hudson.plugins.folder.computed.FolderComputation.run(FolderComputation.java:164)
	at jenkins.branch.MultiBranchProject$BranchIndexing.run(MultiBranchProject.java:1026)
	at hudson.model.ResourceController.execute(ResourceController.java:97)
	at hudson.model.Executor.run(Executor.java:429)
Caused by: java.net.URISyntaxException: Cannot parse Git URI-ish: The uri was empty or null
	at org.eclipse.jgit.transport.URIish.<init>(URIish.java:211)
	at org.jenkinsci.plugins.gitclient.CliGitAPIImpl.launchCommandWithCredentials(CliGitAPIImpl.java:1760)
	... 9 more
Finished: FAILURE
